<?xml version="1.0" encoding="UTF-8"?>
<!-- Generated by org.testng.reporters.JUnitReportReporter -->
<testsuite hostname="NAGASAI" failures="0" tests="7" name="tests.ProductTest" time="35.314" errors="0" timestamp="2025-09-08T19:40:24 IST" skipped="0">
  <testcase classname="tests.ProductTest" name="testProductNamesAndPricesDisplayed" time="3.681"/>
  <testcase classname="tests.ProductTest" name="testSortingOptions" time="7.087"/>
  <testcase classname="tests.ProductTest" name="testClickProductDetailsPage" time="5.633"/>
  <testcase classname="tests.ProductTest" name="testAddProductToCart" time="5.073"/>
  <testcase classname="tests.ProductTest" name="testProductListingPage" time="3.902"/>
  <testcase classname="tests.ProductTest" name="testAddMultipleProductsToCart" time="4.109"/>
  <testcase classname="tests.ProductTest" name="testRemoveProductFromCart" time="5.829"/>
</testsuite> <!-- tests.ProductTest -->
