<?xml version="1.0" encoding="UTF-8"?>
<!-- Generated by org.testng.reporters.JUnitReportReporter -->
<testsuite hostname="NAGASAI" failures="0" tests="4" name="tests.CartTest" time="31.069" errors="0" timestamp="2025-09-08T19:40:24 IST" skipped="0">
  <testcase classname="tests.CartTest" name="testContinueShoppingFromCart" time="6.716"/>
  <testcase classname="tests.CartTest" name="testRemoveItemFromCart" time="16.017"/>
  <testcase classname="tests.CartTest" name="testVerifyCartItems" time="4.329"/>
  <testcase classname="tests.CartTest" name="testProceedToCheckout" time="4.007"/>
</testsuite> <!-- tests.CartTest -->
