<?xml version="1.0" encoding="UTF-8"?>
<!-- Generated by org.testng.reporters.JUnitReportReporter -->
<testsuite hostname="NAGASAI" failures="0" tests="7" name="tests.CheckoutTest" time="54.684" errors="0" timestamp="2025-09-08T19:40:24 IST" skipped="0">
  <testcase classname="tests.CheckoutTest" name="testEmptyPostalCode" time="4.446"/>
  <testcase classname="tests.CheckoutTest" name="testCancelCheckout" time="6.203"/>
  <testcase classname="tests.CheckoutTest" name="testOrderConfirmationPage" time="4.683"/>
  <testcase classname="tests.CheckoutTest" name="testBackHomeFromCheckoutComplete" time="6.381"/>
  <testcase classname="tests.CheckoutTest" name="testCompleteCheckoutValidData" time="21.223"/>
  <testcase classname="tests.CheckoutTest" name="testOrderSummaryValidation" time="6.079"/>
  <testcase classname="tests.CheckoutTest" name="testEmptyFirstName" time="5.669"/>
</testsuite> <!-- tests.CheckoutTest -->
