<?xml version="1.0" encoding="UTF-8"?>
<!-- Generated by org.testng.reporters.JUnitReportReporter -->
<testsuite hostname="NAGASAI" failures="0" tests="5" name="tests.UITest" time="28.174" errors="0" timestamp="2025-09-08T19:40:24 IST" skipped="0">
  <testcase classname="tests.UITest" name="testBurgerMenuPresence" time="3.647"/>
  <testcase classname="tests.UITest" name="testLogoutFromBurgerMenu" time="4.146"/>
  <testcase classname="tests.UITest" name="testNavigateToAbout" time="10.423"/>
  <testcase classname="tests.UITest" name="testResetAppState" time="6.054"/>
  <testcase classname="tests.UITest" name="testFooterLinksAndIcons" time="3.904"/>
</testsuite> <!-- tests.UITest -->
