<?xml version="1.0" encoding="UTF-8"?>
<!-- Generated by org.testng.reporters.JUnitReportReporter -->
<testsuite hostname="NAGASAI" failures="0" tests="8" name="tests.LoginTest" time="41.434" errors="0" timestamp="2025-09-08T19:40:24 IST" skipped="0">
  <testcase classname="tests.LoginTest" name="testValidLoginStandardUser" time="5.374"/>
  <testcase classname="tests.LoginTest" name="testLockedOutUser" time="3.748"/>
  <testcase classname="tests.LoginTest" name="testPerformanceGlitchUserLogin" time="8.593"/>
  <testcase classname="tests.LoginTest" name="testLogoutFunctionality" time="4.924"/>
  <testcase classname="tests.LoginTest" name="testEmptyCredentials" time="3.734"/>
  <testcase classname="tests.LoginTest" name="testInvalidCredentials" time="3.664"/>
  <testcase classname="tests.LoginTest" name="testErrorMessageText" time="5.463"/>
  <testcase classname="tests.LoginTest" name="testProblemUserLogin" time="5.934"/>
</testsuite> <!-- tests.LoginTest -->
